<?xml version="1.0" encoding="UTF-8"?>
<!-- Generated by org.testng.reporters.JUnitXMLReporter -->
<testsuite ignored="0" hostname="Ak" failures="0" tests="4" name="Surefire test" time="0.033" errors="0" timestamp="28 Jul 2025 08:02:36 GMT">
  <testcase classname="mavenProject.pac.ContactTest" name="createcontactTest" time="0.008"/>
  <testcase classname="mavenProject.pac.ContactTest" name="modifycontactTest" time="0.001"/>
  <testcase classname="package2.orgTest" name="createorgTest" time="0.002"/>
  <testcase classname="package2.orgTest" name="modifyorgTest" time="0.0"/>
</testsuite> <!-- Surefire test -->
