<?xml version="1.0" encoding="UTF-8"?>
<!-- Generated by org.testng.reporters.JUnitXMLReporter -->
<testsuite ignored="0" hostname="Ak" failures="0" tests="4" name="Test" time="0.023" errors="0" timestamp="29 Jul 2025 10:09:49 GMT">
  <testcase classname="package2.orgTest" name="createorgTest" time="0.007"/>
  <testcase classname="package2.orgTest" name="modifyorgTest" time="0.0"/>
  <testcase classname="mavenProject.pac.ContactTest" name="createcontactTest" time="0.0"/>
  <testcase classname="mavenProject.pac.ContactTest" name="modifycontactTest" time="0.0"/>
</testsuite> <!-- Test -->
