<?xml version="1.0" encoding="UTF-8"?>
<testng-results ignored="0" total="4" passed="4" failed="0" skipped="0">
  <reporter-output>
  </reporter-output>
  <suite started-at="2025-07-29T10:09:49Z" name="Suite" finished-at="2025-07-29T10:09:49Z" duration-ms="23">
    <groups>
    </groups>
    <test started-at="2025-07-29T10:09:49Z" name="Test" finished-at="2025-07-29T10:09:49Z" duration-ms="23">
      <class name="package2.orgTest">
        <test-method signature="createorgTest()[pri:0, instance:package2.orgTest@43df23d3]" started-at="2025-07-29T10:09:49Z" name="createorgTest" finished-at="2025-07-29T10:09:49Z" duration-ms="7" status="PASS">
          <reporter-output>
          </reporter-output>
        </test-method> <!-- createorgTest -->
        <test-method signature="modifyorgTest()[pri:0, instance:package2.orgTest@43df23d3]" started-at="2025-07-29T10:09:49Z" name="modifyorgTest" finished-at="2025-07-29T10:09:49Z" duration-ms="0" status="PASS">
          <reporter-output>
          </reporter-output>
        </test-method> <!-- modifyorgTest -->
      </class> <!-- package2.orgTest -->
      <class name="mavenProject.pac.ContactTest">
        <test-method signature="modifycontactTest()[pri:0, instance:mavenProject.pac.ContactTest@6d60fe40]" started-at="2025-07-29T10:09:49Z" name="modifycontactTest" finished-at="2025-07-29T10:09:49Z" duration-ms="0" status="PASS">
          <reporter-output>
          </reporter-output>
        </test-method> <!-- modifycontactTest -->
        <test-method signature="createcontactTest()[pri:0, instance:mavenProject.pac.ContactTest@6d60fe40]" started-at="2025-07-29T10:09:49Z" name="createcontactTest" finished-at="2025-07-29T10:09:49Z" duration-ms="0" status="PASS">
          <reporter-output>
          </reporter-output>
        </test-method> <!-- createcontactTest -->
      </class> <!-- mavenProject.pac.ContactTest -->
    </test> <!-- Test -->
  </suite> <!-- Suite -->
</testng-results>
