<?xml version="1.0" encoding="UTF-8"?>
<testng-results ignored="0" total="2" passed="2" failed="0" skipped="0">
  <reporter-output>
  </reporter-output>
  <suite started-at="2025-07-29T09:56:56Z" name="Default suite" finished-at="2025-07-29T09:56:56Z" duration-ms="36">
    <groups>
    </groups>
    <test started-at="2025-07-29T09:56:56Z" name="Default test" finished-at="2025-07-29T09:56:56Z" duration-ms="36">
      <class name="mavenProject.pac.ContactTest">
        <test-method signature="createcontactTest()[pri:0, instance:mavenProject.pac.ContactTest@15a34df2]" started-at="2025-07-29T09:56:56Z" name="createcontactTest" finished-at="2025-07-29T09:56:56Z" duration-ms="15" status="PASS">
          <reporter-output>
          </reporter-output>
        </test-method> <!-- createcontactTest -->
        <test-method signature="modifycontactTest()[pri:0, instance:mavenProject.pac.ContactTest@15a34df2]" started-at="2025-07-29T09:56:56Z" name="modifycontactTest" finished-at="2025-07-29T09:56:56Z" duration-ms="2" status="PASS">
          <reporter-output>
          </reporter-output>
        </test-method> <!-- modifycontactTest -->
      </class> <!-- mavenProject.pac.ContactTest -->
    </test> <!-- Default test -->
  </suite> <!-- Default suite -->
</testng-results>
